2026-06-22 17:06:34,504 - ERROR - Erro SQLAlchemy ao inserir Responsavel:
	Traceback (most recent call last):
	  File "/home/jose_/KeyControlBackNewVersion/venv/lib/python3.12/site-packages/sqlalchemy/engine/base.py", line 1963, in _exec_single_context
	    self.dialect.do_execute(
	  File "/home/jose_/KeyControlBackNewVersion/venv/lib/python3.12/site-packages/sqlalchemy/engine/default.py", line 943, in do_execute
	    cursor.execute(statement, parameters)
	psycopg2.errors.UndefinedColumn: column tb_responsavel.email does not exist
	LINE 1: ...to AS tb_responsavel_responsavel_data_nascimento, tb_respons...
	                                                             ^
	
	
	The above exception was the direct cause of the following exception:
	
	Traceback (most recent call last):
	  File "/home/jose_/KeyControlBackNewVersion/resources/TB_ResponsavelResource.py", line 81, in post
	    validado = schema.load(dados)
	               ^^^^^^^^^^^^^^^^^^
	  File "/home/jose_/KeyControlBackNewVersion/venv/lib/python3.12/site-packages/marshmallow/schema.py", line 730, in load
	    return self._do_load(
	           ^^^^^^^^^^^^^^
	  File "/home/jose_/KeyControlBackNewVersion/venv/lib/python3.12/site-packages/marshmallow/schema.py", line 895, in _do_load
	    self._invoke_field_validators(
	  File "/home/jose_/KeyControlBackNewVersion/venv/lib/python3.12/site-packages/marshmallow/schema.py", line 1161, in _invoke_field_validators
	    validated_value = self._call_and_store(
	                      ^^^^^^^^^^^^^^^^^^^^^
	  File "/home/jose_/KeyControlBackNewVersion/venv/lib/python3.12/site-packages/marshmallow/schema.py", line 517, in _call_and_store
	    value = getter_func(data)
	            ^^^^^^^^^^^^^^^^^
	  File "/home/jose_/KeyControlBackNewVersion/models/TB_Responsavel.py", line 94, in validate_unique_cpf
	    validar_unique_cpf(value)
	  File "/home/jose_/KeyControlBackNewVersion/helpers/validation_functions/responsavelSchemaValidation.py", line 7, in validar_unique_cpf
	    if db.session.query(TB_Responsavel).filter_by(responsavel_cpf=value).first():
	       ^^^^^^^^^^^^^^^^^^^^^^^^^^^^^^^^^^^^^^^^^^^^^^^^^^^^^^^^^^^^^^^^^^^^^^^^^
	  File "/home/jose_/KeyControlBackNewVersion/venv/lib/python3.12/site-packages/sqlalchemy/orm/query.py", line 2759, in first
	    return self.limit(1)._iter().first()  # type: ignore
	           ^^^^^^^^^^^^^^^^^^^^^
	  File "/home/jose_/KeyControlBackNewVersion/venv/lib/python3.12/site-packages/sqlalchemy/orm/query.py", line 2857, in _iter
	    result: Union[ScalarResult[_T], Result[_T]] = self.session.execute(
	                                                  ^^^^^^^^^^^^^^^^^^^^^
	  File "/home/jose_/KeyControlBackNewVersion/venv/lib/python3.12/site-packages/sqlalchemy/orm/session.py", line 2365, in execute
	    return self._execute_internal(
	           ^^^^^^^^^^^^^^^^^^^^^^^
	  File "/home/jose_/KeyControlBackNewVersion/venv/lib/python3.12/site-packages/sqlalchemy/orm/session.py", line 2251, in _execute_internal
	    result: Result[Any] = compile_state_cls.orm_execute_statement(
	                          ^^^^^^^^^^^^^^^^^^^^^^^^^^^^^^^^^^^^^^^^
	  File "/home/jose_/KeyControlBackNewVersion/venv/lib/python3.12/site-packages/sqlalchemy/orm/context.py", line 306, in orm_execute_statement
	    result = conn.execute(
	             ^^^^^^^^^^^^^
	  File "/home/jose_/KeyControlBackNewVersion/venv/lib/python3.12/site-packages/sqlalchemy/engine/base.py", line 1415, in execute
	    return meth(
	           ^^^^^
	  File "/home/jose_/KeyControlBackNewVersion/venv/lib/python3.12/site-packages/sqlalchemy/sql/elements.py", line 523, in _execute_on_connection
	    return connection._execute_clauseelement(
	           ^^^^^^^^^^^^^^^^^^^^^^^^^^^^^^^^^^
	  File "/home/jose_/KeyControlBackNewVersion/venv/lib/python3.12/site-packages/sqlalchemy/engine/base.py", line 1637, in _execute_clauseelement
	    ret = self._execute_context(
	          ^^^^^^^^^^^^^^^^^^^^^^
	  File "/home/jose_/KeyControlBackNewVersion/venv/lib/python3.12/site-packages/sqlalchemy/engine/base.py", line 1842, in _execute_context
	    return self._exec_single_context(
	           ^^^^^^^^^^^^^^^^^^^^^^^^^^
	  File "/home/jose_/KeyControlBackNewVersion/venv/lib/python3.12/site-packages/sqlalchemy/engine/base.py", line 1982, in _exec_single_context
	    self._handle_dbapi_exception(
	  File "/home/jose_/KeyControlBackNewVersion/venv/lib/python3.12/site-packages/sqlalchemy/engine/base.py", line 2351, in _handle_dbapi_exception
	    raise sqlalchemy_exception.with_traceback(exc_info[2]) from e
	  File "/home/jose_/KeyControlBackNewVersion/venv/lib/python3.12/site-packages/sqlalchemy/engine/base.py", line 1963, in _exec_single_context
	    self.dialect.do_execute(
	  File "/home/jose_/KeyControlBackNewVersion/venv/lib/python3.12/site-packages/sqlalchemy/engine/default.py", line 943, in do_execute
	    cursor.execute(statement, parameters)
	sqlalchemy.exc.ProgrammingError: (psycopg2.errors.UndefinedColumn) column tb_responsavel.email does not exist
	LINE 1: ...to AS tb_responsavel_responsavel_data_nascimento, tb_respons...
	                                                             ^
	
	[SQL: SELECT tb_responsavel.responsavel_id AS tb_responsavel_responsavel_id, tb_responsavel.responsavel_nome AS tb_responsavel_responsavel_nome, tb_responsavel.responsavel_siap AS tb_responsavel_responsavel_siap, tb_responsavel.responsavel_cpf AS tb_responsavel_responsavel_cpf, tb_responsavel.responsavel_data_nascimento AS tb_responsavel_responsavel_data_nascimento, tb_responsavel.email AS tb_responsavel_email, tb_responsavel.senha AS tb_responsavel_senha, tb_responsavel.funcao AS tb_responsavel_funcao, tb_responsavel.ativo AS tb_responsavel_ativo 
	FROM tb_responsavel 
	WHERE tb_responsavel.responsavel_cpf = %(responsavel_cpf_1)s 
	 LIMIT %(param_1)s]
	[parameters: {'responsavel_cpf_1': '193.800.960-62', 'param_1': 1}]
	(Background on this error at: https://sqlalche.me/e/20/f405)
	
2026-06-22 17:06:59,634 - INFO - POST - Novo Responsável
2026-06-22 17:06:59,638 - ERROR - Erro SQLAlchemy ao inserir Responsavel:
	Traceback (most recent call last):
	  File "/home/jose_/KeyControlBackNewVersion/venv/lib/python3.12/site-packages/sqlalchemy/engine/base.py", line 1963, in _exec_single_context
	    self.dialect.do_execute(
	  File "/home/jose_/KeyControlBackNewVersion/venv/lib/python3.12/site-packages/sqlalchemy/engine/default.py", line 943, in do_execute
	    cursor.execute(statement, parameters)
	psycopg2.errors.UndefinedColumn: column tb_responsavel.email does not exist
	LINE 1: ...to AS tb_responsavel_responsavel_data_nascimento, tb_respons...
	                                                             ^
	
	
	The above exception was the direct cause of the following exception:
	
	Traceback (most recent call last):
	  File "/home/jose_/KeyControlBackNewVersion/resources/TB_ResponsavelResource.py", line 81, in post
	    validado = schema.load(dados)
	               ^^^^^^^^^^^^^^^^^^
	  File "/home/jose_/KeyControlBackNewVersion/venv/lib/python3.12/site-packages/marshmallow/schema.py", line 730, in load
	    return self._do_load(
	           ^^^^^^^^^^^^^^
	  File "/home/jose_/KeyControlBackNewVersion/venv/lib/python3.12/site-packages/marshmallow/schema.py", line 895, in _do_load
	    self._invoke_field_validators(
	  File "/home/jose_/KeyControlBackNewVersion/venv/lib/python3.12/site-packages/marshmallow/schema.py", line 1161, in _invoke_field_validators
	    validated_value = self._call_and_store(
	                      ^^^^^^^^^^^^^^^^^^^^^
	  File "/home/jose_/KeyControlBackNewVersion/venv/lib/python3.12/site-packages/marshmallow/schema.py", line 517, in _call_and_store
	    value = getter_func(data)
	            ^^^^^^^^^^^^^^^^^
	  File "/home/jose_/KeyControlBackNewVersion/models/TB_Responsavel.py", line 94, in validate_unique_cpf
	    validar_unique_cpf(value)
	  File "/home/jose_/KeyControlBackNewVersion/helpers/validation_functions/responsavelSchemaValidation.py", line 7, in validar_unique_cpf
	    if db.session.query(TB_Responsavel).filter_by(responsavel_cpf=value).first():
	       ^^^^^^^^^^^^^^^^^^^^^^^^^^^^^^^^^^^^^^^^^^^^^^^^^^^^^^^^^^^^^^^^^^^^^^^^^
	  File "/home/jose_/KeyControlBackNewVersion/venv/lib/python3.12/site-packages/sqlalchemy/orm/query.py", line 2759, in first
	    return self.limit(1)._iter().first()  # type: ignore
	           ^^^^^^^^^^^^^^^^^^^^^
	  File "/home/jose_/KeyControlBackNewVersion/venv/lib/python3.12/site-packages/sqlalchemy/orm/query.py", line 2857, in _iter
	    result: Union[ScalarResult[_T], Result[_T]] = self.session.execute(
	                                                  ^^^^^^^^^^^^^^^^^^^^^
	  File "/home/jose_/KeyControlBackNewVersion/venv/lib/python3.12/site-packages/sqlalchemy/orm/session.py", line 2365, in execute
	    return self._execute_internal(
	           ^^^^^^^^^^^^^^^^^^^^^^^
	  File "/home/jose_/KeyControlBackNewVersion/venv/lib/python3.12/site-packages/sqlalchemy/orm/session.py", line 2251, in _execute_internal
	    result: Result[Any] = compile_state_cls.orm_execute_statement(
	                          ^^^^^^^^^^^^^^^^^^^^^^^^^^^^^^^^^^^^^^^^
	  File "/home/jose_/KeyControlBackNewVersion/venv/lib/python3.12/site-packages/sqlalchemy/orm/context.py", line 306, in orm_execute_statement
	    result = conn.execute(
	             ^^^^^^^^^^^^^
	  File "/home/jose_/KeyControlBackNewVersion/venv/lib/python3.12/site-packages/sqlalchemy/engine/base.py", line 1415, in execute
	    return meth(
	           ^^^^^
	  File "/home/jose_/KeyControlBackNewVersion/venv/lib/python3.12/site-packages/sqlalchemy/sql/elements.py", line 523, in _execute_on_connection
	    return connection._execute_clauseelement(
	           ^^^^^^^^^^^^^^^^^^^^^^^^^^^^^^^^^^
	  File "/home/jose_/KeyControlBackNewVersion/venv/lib/python3.12/site-packages/sqlalchemy/engine/base.py", line 1637, in _execute_clauseelement
	    ret = self._execute_context(
	          ^^^^^^^^^^^^^^^^^^^^^^
	  File "/home/jose_/KeyControlBackNewVersion/venv/lib/python3.12/site-packages/sqlalchemy/engine/base.py", line 1842, in _execute_context
	    return self._exec_single_context(
	           ^^^^^^^^^^^^^^^^^^^^^^^^^^
	  File "/home/jose_/KeyControlBackNewVersion/venv/lib/python3.12/site-packages/sqlalchemy/engine/base.py", line 1982, in _exec_single_context
	    self._handle_dbapi_exception(
	  File "/home/jose_/KeyControlBackNewVersion/venv/lib/python3.12/site-packages/sqlalchemy/engine/base.py", line 2351, in _handle_dbapi_exception
	    raise sqlalchemy_exception.with_traceback(exc_info[2]) from e
	  File "/home/jose_/KeyControlBackNewVersion/venv/lib/python3.12/site-packages/sqlalchemy/engine/base.py", line 1963, in _exec_single_context
	    self.dialect.do_execute(
	  File "/home/jose_/KeyControlBackNewVersion/venv/lib/python3.12/site-packages/sqlalchemy/engine/default.py", line 943, in do_execute
	    cursor.execute(statement, parameters)
	sqlalchemy.exc.ProgrammingError: (psycopg2.errors.UndefinedColumn) column tb_responsavel.email does not exist
	LINE 1: ...to AS tb_responsavel_responsavel_data_nascimento, tb_respons...
	                                                             ^
	
	[SQL: SELECT tb_responsavel.responsavel_id AS tb_responsavel_responsavel_id, tb_responsavel.responsavel_nome AS tb_responsavel_responsavel_nome, tb_responsavel.responsavel_siap AS tb_responsavel_responsavel_siap, tb_responsavel.responsavel_cpf AS tb_responsavel_responsavel_cpf, tb_responsavel.responsavel_data_nascimento AS tb_responsavel_responsavel_data_nascimento, tb_responsavel.email AS tb_responsavel_email, tb_responsavel.senha AS tb_responsavel_senha, tb_responsavel.funcao AS tb_responsavel_funcao, tb_responsavel.ativo AS tb_responsavel_ativo 
	FROM tb_responsavel 
	WHERE tb_responsavel.responsavel_cpf = %(responsavel_cpf_1)s 
	 LIMIT %(param_1)s]
	[parameters: {'responsavel_cpf_1': '19380096062', 'param_1': 1}]
	(Background on this error at: https://sqlalche.me/e/20/f405)
	
2026-06-22 17:20:26,962 - INFO - POST - Novo Responsável
2026-06-22 17:20:27,528 - INFO - Responsável 1 indexado no Solr.
2026-06-22 17:21:23,283 - INFO - POST - Novo Responsável
2026-06-22 17:21:23,544 - INFO - Responsável 2 indexado no Solr.
2026-06-22 17:21:53,723 - INFO - POST - Novo Responsável
2026-06-22 17:21:53,832 - ERROR - Erro SQLAlchemy ao inserir Responsavel:
	Traceback (most recent call last):
	  File "/home/jose_/KeyControlBackNewVersion/venv/lib/python3.12/site-packages/sqlalchemy/engine/base.py", line 1963, in _exec_single_context
	    self.dialect.do_execute(
	  File "/home/jose_/KeyControlBackNewVersion/venv/lib/python3.12/site-packages/sqlalchemy/engine/default.py", line 943, in do_execute
	    cursor.execute(statement, parameters)
	psycopg2.errors.UniqueViolation: duplicate key value violates unique constraint "tb_responsavel_email_key"
	DETAIL:  Key (email)=(ana.souza@exemplo.com) already exists.
	
	
	The above exception was the direct cause of the following exception:
	
	Traceback (most recent call last):
	  File "/home/jose_/KeyControlBackNewVersion/resources/TB_ResponsavelResource.py", line 93, in post
	    db.session.commit()
	  File "/home/jose_/KeyControlBackNewVersion/venv/lib/python3.12/site-packages/sqlalchemy/orm/scoping.py", line 599, in commit
	    return self._proxied.commit()
	           ^^^^^^^^^^^^^^^^^^^^^^
	  File "/home/jose_/KeyControlBackNewVersion/venv/lib/python3.12/site-packages/sqlalchemy/orm/session.py", line 2032, in commit
	    trans.commit(_to_root=True)
	  File "<string>", line 2, in commit
	  File "/home/jose_/KeyControlBackNewVersion/venv/lib/python3.12/site-packages/sqlalchemy/orm/state_changes.py", line 139, in _go
	    ret_value = fn(self, *arg, **kw)
	                ^^^^^^^^^^^^^^^^^^^^
	  File "/home/jose_/KeyControlBackNewVersion/venv/lib/python3.12/site-packages/sqlalchemy/orm/session.py", line 1313, in commit
	    self._prepare_impl()
	  File "<string>", line 2, in _prepare_impl
	  File "/home/jose_/KeyControlBackNewVersion/venv/lib/python3.12/site-packages/sqlalchemy/orm/state_changes.py", line 139, in _go
	    ret_value = fn(self, *arg, **kw)
	                ^^^^^^^^^^^^^^^^^^^^
	  File "/home/jose_/KeyControlBackNewVersion/venv/lib/python3.12/site-packages/sqlalchemy/orm/session.py", line 1288, in _prepare_impl
	    self.session.flush()
	  File "/home/jose_/KeyControlBackNewVersion/venv/lib/python3.12/site-packages/sqlalchemy/orm/session.py", line 4345, in flush
	    self._flush(objects)
	  File "/home/jose_/KeyControlBackNewVersion/venv/lib/python3.12/site-packages/sqlalchemy/orm/session.py", line 4480, in _flush
	    with util.safe_reraise():
	  File "/home/jose_/KeyControlBackNewVersion/venv/lib/python3.12/site-packages/sqlalchemy/util/langhelpers.py", line 224, in __exit__
	    raise exc_value.with_traceback(exc_tb)
	  File "/home/jose_/KeyControlBackNewVersion/venv/lib/python3.12/site-packages/sqlalchemy/orm/session.py", line 4441, in _flush
	    flush_context.execute()
	  File "/home/jose_/KeyControlBackNewVersion/venv/lib/python3.12/site-packages/sqlalchemy/orm/unitofwork.py", line 466, in execute
	    rec.execute(self)
	  File "/home/jose_/KeyControlBackNewVersion/venv/lib/python3.12/site-packages/sqlalchemy/orm/unitofwork.py", line 642, in execute
	    util.preloaded.orm_persistence.save_obj(
	  File "/home/jose_/KeyControlBackNewVersion/venv/lib/python3.12/site-packages/sqlalchemy/orm/persistence.py", line 93, in save_obj
	    _emit_insert_statements(
	  File "/home/jose_/KeyControlBackNewVersion/venv/lib/python3.12/site-packages/sqlalchemy/orm/persistence.py", line 1233, in _emit_insert_statements
	    result = connection.execute(
	             ^^^^^^^^^^^^^^^^^^^
	  File "/home/jose_/KeyControlBackNewVersion/venv/lib/python3.12/site-packages/sqlalchemy/engine/base.py", line 1415, in execute
	    return meth(
	           ^^^^^
	  File "/home/jose_/KeyControlBackNewVersion/venv/lib/python3.12/site-packages/sqlalchemy/sql/elements.py", line 523, in _execute_on_connection
	    return connection._execute_clauseelement(
	           ^^^^^^^^^^^^^^^^^^^^^^^^^^^^^^^^^^
	  File "/home/jose_/KeyControlBackNewVersion/venv/lib/python3.12/site-packages/sqlalchemy/engine/base.py", line 1637, in _execute_clauseelement
	    ret = self._execute_context(
	          ^^^^^^^^^^^^^^^^^^^^^^
	  File "/home/jose_/KeyControlBackNewVersion/venv/lib/python3.12/site-packages/sqlalchemy/engine/base.py", line 1842, in _execute_context
	    return self._exec_single_context(
	           ^^^^^^^^^^^^^^^^^^^^^^^^^^
	  File "/home/jose_/KeyControlBackNewVersion/venv/lib/python3.12/site-packages/sqlalchemy/engine/base.py", line 1982, in _exec_single_context
	    self._handle_dbapi_exception(
	  File "/home/jose_/KeyControlBackNewVersion/venv/lib/python3.12/site-packages/sqlalchemy/engine/base.py", line 2351, in _handle_dbapi_exception
	    raise sqlalchemy_exception.with_traceback(exc_info[2]) from e
	  File "/home/jose_/KeyControlBackNewVersion/venv/lib/python3.12/site-packages/sqlalchemy/engine/base.py", line 1963, in _exec_single_context
	    self.dialect.do_execute(
	  File "/home/jose_/KeyControlBackNewVersion/venv/lib/python3.12/site-packages/sqlalchemy/engine/default.py", line 943, in do_execute
	    cursor.execute(statement, parameters)
	sqlalchemy.exc.IntegrityError: (psycopg2.errors.UniqueViolation) duplicate key value violates unique constraint "tb_responsavel_email_key"
	DETAIL:  Key (email)=(ana.souza@exemplo.com) already exists.
	
	[SQL: INSERT INTO tb_responsavel (responsavel_nome, responsavel_siap, responsavel_cpf, responsavel_data_nascimento, email, senha, funcao, ativo) VALUES (%(responsavel_nome)s, %(responsavel_siap)s, %(responsavel_cpf)s, %(responsavel_data_nascimento)s, %(email)s, %(senha)s, %(funcao)s, %(ativo)s) RETURNING tb_responsavel.responsavel_id]
	[parameters: {'responsavel_nome': 'Outro Nome', 'responsavel_siap': None, 'responsavel_cpf': '11122233344', 'responsavel_data_nascimento': datetime.date(1992, 1, 1), 'email': 'ana.souza@exemplo.com', 'senha': '$argon2id$v=19$m=65536,t=3,p=4$hiS2eWHR5oLcG9KurSdSiQ$zq5IdAPBvd8jQ+hvmOw9Gw6R4/ZFhlsKqCotYSe1X5M', 'funcao': 'responsavel', 'ativo': True}]
	(Background on this error at: https://sqlalche.me/e/20/gkpj)
	
2026-06-22 17:22:57,244 - INFO - POST - Novo Responsável
2026-06-22 17:22:57,520 - INFO - Responsável 4 indexado no Solr.
2026-06-22 17:23:37,126 - INFO - POST - Novo Responsável
2026-06-22 17:23:37,129 - INFO - Dados inválidos, detalhes {'responsavel_cpf': ['Já existe um Responsavel cadastrado com esse CPF.']}
2026-06-22 17:23:54,083 - INFO - POST - Novo Responsável
2026-06-22 17:23:54,087 - INFO - Dados inválidos, detalhes {'senha': ['O campo senha deve ter entre 8 a 255 caracteres']}
2026-06-22 17:24:18,932 - INFO - POST - Novo Responsável
2026-06-22 17:24:18,935 - INFO - Dados inválidos, detalhes {'email': ['Formato inválido para email.']}
2026-06-22 17:24:27,289 - INFO - POST - Novo Responsável
2026-06-22 17:24:27,292 - INFO - Dados inválidos, detalhes {'email': ['O campo email é obrigatório.'], 'senha': ['O campo senha é obrigatório.']}
